[2024-10-20T23:22:29+0530] Client 4ab03c6c-5781-49a6-8f1f-358d158c7f74 updated document: h
[2024-10-20T23:22:29+0530] Client 4ab03c6c-5781-49a6-8f1f-358d158c7f74 updated document: he
[2024-10-20T23:22:29+0530] Client 4ab03c6c-5781-49a6-8f1f-358d158c7f74 updated document: hey
[2024-10-20T23:22:33+0530] Client ad9b4d41-3895-46da-afbb-70bf533dfcb5 updated document: h
[2024-10-20T23:22:33+0530] Client ad9b4d41-3895-46da-afbb-70bf533dfcb5 updated document: he
[2024-10-20T23:22:33+0530] Client ad9b4d41-3895-46da-afbb-70bf533dfcb5 updated document: hey
[2024-10-20T23:22:33+0530] Client ad9b4d41-3895-46da-afbb-70bf533dfcb5 updated document: hey
h
[2024-10-20T23:22:33+0530] Client ad9b4d41-3895-46da-afbb-70bf533dfcb5 updated document: hey
hey
[2024-10-20T23:22:33+0530] Client ad9b4d41-3895-46da-afbb-70bf533dfcb5 updated document: hey
he
[2024-10-20T23:23:21+0530] Client 77fbee74-378c-4c1a-9529-f872cd572ab0 updated document: h
[2024-10-20T23:23:21+0530] Client 77fbee74-378c-4c1a-9529-f872cd572ab0 updated document: he
[2024-10-20T23:23:21+0530] Client 77fbee74-378c-4c1a-9529-f872cd572ab0 updated document: hey
[2024-10-20T23:27:52+0530] Client 77fbee74-378c-4c1a-9529-f872cd572ab0 updated document: hey n
[2024-10-20T23:27:56+0530] Client 77fbee74-378c-4c1a-9529-f872cd572ab0 updated document: hey 
[2024-10-20T23:28:05+0530] Client 77fbee74-378c-4c1a-9529-f872cd572ab0 updated document: hey n
[2024-10-20T23:28:05+0530] Client 77fbee74-378c-4c1a-9529-f872cd572ab0 updated document: hey nn
[2024-10-20T23:28:05+0530] Client 77fbee74-378c-4c1a-9529-f872cd572ab0 updated document: hey nnn
[2024-10-20T23:28:05+0530] Client 77fbee74-378c-4c1a-9529-f872cd572ab0 updated document: hey nnnn
[2024-10-20T23:28:05+0530] Client 77fbee74-378c-4c1a-9529-f872cd572ab0 updated document: hey nnnnn
[2024-10-20T23:28:06+0530] Client 77fbee74-378c-4c1a-9529-f872cd572ab0 updated document: hey nnnnnn
[2024-10-20T23:28:09+0530] Client 77fbee74-378c-4c1a-9529-f872cd572ab0 updated document: hey nnnnnn 
[2024-10-20T23:28:10+0530] Client 77fbee74-378c-4c1a-9529-f872cd572ab0 updated document: hey nnnnnn h
[2024-10-20T23:28:10+0530] Client 77fbee74-378c-4c1a-9529-f872cd572ab0 updated document: hey nnnnnn hjh
[2024-10-20T23:28:10+0530] Client 77fbee74-378c-4c1a-9529-f872cd572ab0 updated document: hey nnnnnn hjhh
[2024-10-20T23:28:10+0530] Client 77fbee74-378c-4c1a-9529-f872cd572ab0 updated document: hey nnnnnn hjhhh
