[2024-10-11T18:54:20+05:30] Client  updated document: H
[2024-10-11T18:54:20+05:30] Client  updated document: Hi
[2024-10-11T18:54:21+05:30] Client  updated document: Hi 
[2024-10-11T18:54:21+05:30] Client  updated document: Hi is
[2024-10-11T18:54:21+05:30] Client  updated document: Hi is 
[2024-10-11T18:54:21+05:30] Client  updated document: Hi is th
[2024-10-11T18:54:21+05:30] Client  updated document: Hi is this
[2024-10-11T18:54:24+05:30] Client  updated document: Hi is this 
[2024-10-11T18:54:24+05:30] Client  updated document: Hi is this hw
[2024-10-11T18:54:25+05:30] Client  updated document: Hi is this hwa
[2024-10-11T18:54:25+05:30] Client  updated document: Hi is this hwat
[2024-10-11T18:54:25+05:30] Client  updated document: Hi is this hwa
[2024-10-11T18:54:25+05:30] Client  updated document: Hi is this hw
[2024-10-11T18:54:25+05:30] Client  updated document: Hi is this hw
[2024-10-11T18:54:26+05:30] Client  updated document: Hi is this hwhat
[2024-10-11T18:54:26+05:30] Client  updated document: Hi is this hwha
[2024-10-11T18:54:26+05:30] Client  updated document: Hi is this hwh
[2024-10-11T18:54:26+05:30] Client  updated document: Hi is this hw
[2024-10-11T18:54:26+05:30] Client  updated document: Hi is this h
[2024-10-11T18:54:26+05:30] Client  updated document: Hi is this hw
[2024-10-11T18:54:27+05:30] Client  updated document: Hi is this h
[2024-10-11T18:54:27+05:30] Client  updated document: Hi is this what 
[2024-10-11T18:54:28+05:30] Client  updated document: Hi is this what the 
[2024-10-11T18:54:35+05:30] Client  updated document: Hi is this what the ni
[2024-10-11T18:54:35+05:30] Client  updated document: Hi is this what the nice
[2024-10-11T18:54:36+05:30] Client  updated document: Hi is this what the nice 
[2024-10-11T18:54:36+05:30] Client  updated document: Hi is this what the nice is
[2024-10-11T18:54:36+05:30] Client  updated document: Hi is this what the nice is t
[2024-10-11T18:54:36+05:30] Client  updated document: Hi is this what the nice is th
[2024-10-11T18:54:37+05:30] Client  updated document: Hi is this what the nice is this
[2024-10-11T18:54:37+05:30] Client  updated document: Hi is this what the nice is this 
[2024-10-11T18:54:37+05:30] Client  updated document: Hi is this what the nice is this no
[2024-10-11T18:54:37+05:30] Client  updated document: Hi is this what the nice is this now
[2024-10-11T18:54:37+05:30] Client  updated document: Hi is this what the nice is this now 
[2024-10-11T18:54:40+05:30] Client  updated document: Hi is this what the nice is this now h
[2024-10-11T18:54:40+05:30] Client  updated document: Hi is this what the nice is this now ho
[2024-10-11T18:54:41+05:30] Client  updated document: Hi is this what the nice is this now how
[2024-10-11T18:54:41+05:30] Client  updated document: Hi is this what the nice is this now how 
[2024-10-11T18:54:42+05:30] Client  updated document: Hi is this what the nice is this now how l
[2024-10-11T18:54:42+05:30] Client  updated document: Hi is this what the nice is this now how li
[2024-10-11T18:54:42+05:30] Client  updated document: Hi is this what the nice is this now how life
[2024-10-11T18:54:58+05:30] Client  updated document: Hi is this what the nice is this now how life

[2024-10-11T18:54:58+05:30] Client  updated document: Hi is this what the nice is this now how life


[2024-10-11T18:54:58+05:30] Client  updated document: Hi is this what the nice is this now how life



[2024-10-11T18:54:58+05:30] Client  updated document: Hi is this what the nice is this now how life




[2024-10-11T18:54:58+05:30] Client  updated document: Hi is this what the nice is this now how life





[2024-10-11T18:54:59+05:30] Client  updated document: Hi is this what the nice is this now how life




N
[2024-10-11T18:54:59+05:30] Client  updated document: Hi is this what the nice is this now how life




Ne
[2024-10-11T18:54:59+05:30] Client  updated document: Hi is this what the nice is this now how life




Nex
[2024-10-11T18:54:59+05:30] Client  updated document: Hi is this what the nice is this now how life




Next 
[2024-10-11T18:54:59+05:30] Client  updated document: Hi is this what the nice is this now how life




Next l
[2024-10-11T18:55:00+05:30] Client  updated document: Hi is this what the nice is this now how life




Next lig
[2024-10-11T18:55:00+05:30] Client  updated document: Hi is this what the nice is this now how life




Next lige
[2024-10-11T18:55:00+05:30] Client  updated document: Hi is this what the nice is this now how life




Next lig
[2024-10-11T18:55:01+05:30] Client  updated document: Hi is this what the nice is this now how life




Next lfe
[2024-10-11T18:55:02+05:30] Client  updated document: Hi is this what the nice is this now how life




Next lf
[2024-10-11T18:55:02+05:30] Client  updated document: Hi is this what the nice is this now how life




Next l
[2024-10-11T18:55:02+05:30] Client  updated document: Hi is this what the nice is this now how life




Next life
[2024-10-11T18:55:45+05:30] Client  updated document: 
[2024-10-11T18:55:50+05:30] Client  updated document: H
[2024-10-11T18:55:50+05:30] Client  updated document: Hi
[2024-10-11T18:55:50+05:30] Client  updated document: Hi 
[2024-10-11T18:55:50+05:30] Client  updated document: Hi th
[2024-10-11T18:55:51+05:30] Client  updated document: Hi this
[2024-10-11T18:55:51+05:30] Client  updated document: Hi this is
[2024-10-11T18:55:51+05:30] Client  updated document: Hi this is 
[2024-10-11T18:55:51+05:30] Client  updated document: Hi this is no
[2024-10-11T18:55:52+05:30] Client  updated document: Hi this is h
[2024-10-11T18:55:52+05:30] Client  updated document: Hi this is how 
[2024-10-11T18:55:52+05:30] Client  updated document: Hi this is how it
[2024-10-11T18:55:52+05:30] Client  updated document: Hi this is how it 
[2024-10-11T18:55:53+05:30] Client  updated document: Hi this is how it sho
[2024-10-11T18:55:53+05:30] Client  updated document: Hi this is how it shou
[2024-10-11T18:55:53+05:30] Client  updated document: Hi this is how it should 
[2024-10-11T18:56:18+05:30] Client  updated document: Hi this is how it should tes
[2024-10-11T18:56:18+05:30] Client  updated document: Hi this is how it should test
[2024-10-11T18:56:19+05:30] Client  updated document: Hi this is how it should test ad
[2024-10-11T18:56:19+05:30] Client  updated document: Hi this is how it should test addi
[2024-10-11T18:56:19+05:30] Client  updated document: Hi this is how it should test addiyion
[2024-10-11T18:56:20+05:30] Client  updated document: Hi this is how it should test addiyio
[2024-10-11T18:56:20+05:30] Client  updated document: Hi this is how it should test addiyi
[2024-10-11T18:56:20+05:30] Client  updated document: Hi this is how it should test addiy
[2024-10-11T18:56:20+05:30] Client  updated document: Hi this is how it should test addi
[2024-10-11T18:56:20+05:30] Client  updated document: Hi this is how it should test addit
[2024-10-11T18:56:20+05:30] Client  updated document: Hi this is how it should test addition
[2024-10-11T20:42:00+05:30] Client  updated document: Hi this is how it should test addition 
[2024-10-11T20:42:02+05:30] Client  updated document: Hi this is how it should test addiion 
[2024-10-11T20:42:03+05:30] Client  updated document: Hi this is how it should test addion 
[2024-10-11T20:42:07+05:30] Client  updated document: Hi this is how it should test addbion 
[2024-10-11T20:42:07+05:30] Client  updated document: Hi this is how it should test addbiion 
[2024-10-11T20:42:07+05:30] Client  updated document: Hi this is how it should test addbition 
[2024-10-11T20:42:07+05:30] Client  updated document: Hi this is how it should test addbitchion 
[2024-10-11T20:42:16+05:30] Client  updated document: Hi this is how it should test addbitchion
[2024-10-11T20:42:17+05:30] Client  updated document: Hi this is how it should test addbitchionh
[2024-10-11T20:42:17+05:30] Client  updated document: Hi this is how it should test addbitchion
[2024-10-11T20:42:18+05:30] Client  updated document: Hi this is how it should test addbitchio
[2024-10-11T20:42:18+05:30] Client  updated document: Hi this is how it should test addbitchi
[2024-10-11T20:42:19+05:30] Client  updated document: Hi this is how it should test addbitchin
[2024-10-11T20:42:20+05:30] Client  updated document: Hi this is how it should test addbitchino
[2024-10-11T20:42:24+05:30] Client  updated document: 
[2024-10-14T17:37:50+05:30] Client  updated document: http://localhost:8080/
[2024-10-14T17:37:52+05:30] Client  updated document: 
[2024-10-14T17:37:56+05:30] Client  updated document: d
[2024-10-14T17:37:56+05:30] Client  updated document: daf
'sva
 
ds
f'sa

[2024-10-14T17:37:57+05:30] Client  updated document: daf
'sva
 
ds
f'sa
g 
a
[2024-10-14T17:37:59+05:30] Client  updated document: daf
'sva
 
[2024-10-14T17:38:24+05:30] Client  updated document: 
[2024-10-14T17:38:24+05:30] Client  updated document: 
Հայերեն Shqip ‫العربية Български Català 中文简体 Hrvatski Česky Dansk Nederlands English Eesti Filipino Suomi Français ქართული Deutsch Ελληνικά ‫עברית हिन्दी Magyar Indonesia Italiano Latviski Lietuviškai македонски Melayu Norsk Polski Português Româna Pyccкий Српски Slovenčina Slovenščina Español Svenska ไทย Türkçe Українська Tiếng Việt
Lorem Ipsum
"Neque porro quisquam est qui dolorem ipsum quia dolor sit amet, consectetur, adipisci velit..."
"There is no one who loves pain itself, who seeks after it and wants to have it, simply because it is pain..."
What is Lorem Ipsum?
Lorem Ipsum is simply dummy text of the printing and typesetting industry. Lorem Ipsum has been the industry's standard dummy text ever since the 1500s, when an unknown printer took a galley of type and scrambled it to make a type specimen book. It has survived not only five centuries, but also the leap into electronic typesetting, remaining essentially unchanged. It was popularised in the 1960s with the release of Letraset sheets containing Lorem Ipsum passages, and more recently with desktop publishing software like Aldus PageMaker including versions of Lorem Ipsum.

Why do we use it?
It is a long established fact that a reader will be distracted by the readable content of a page when looking at its layout. The point of using Lorem Ipsum is that it has a more-or-less normal distribution of letters, as opposed to using 'Content here, content here', making it look like readable English. Many desktop publishing packages and web page editors now use Lorem Ipsum as their default model text, and a search for 'lorem ipsum' will uncover many web sites still in their infancy. Various versions have evolved over the years, sometimes by accident, sometimes on purpose (injected humour and the like).


Where does it come from?
Contrary to popular belief, Lorem Ipsum is not simply random text. It has roots in a piece of classical Latin literature from 45 BC, making it over 2000 years old. Richard McClintock, a Latin professor at Hampden-Sydney College in Virginia, looked up one of the more obscure Latin words, consectetur, from a Lorem Ipsum passage, and going through the cites of the word in classical literature, discovered the undoubtable source. Lorem Ipsum comes from sections 1.10.32 and 1.10.33 of "de Finibus Bonorum et Malorum" (The Extremes of Good and Evil) by Cicero, written in 45 BC. This book is a treatise on the theory of ethics, very popular during the Renaissance. The first line of Lorem Ipsum, "Lorem ipsum dolor sit amet..", comes from a line in section 1.10.32.

The standard chunk of Lorem Ipsum used since the 1500s is reproduced below for those interested. Sections 1.10.32 and 1.10.33 from "de Finibus Bonorum et Malorum" by Cicero are also reproduced in their exact original form, accompanied by English versions from the 1914 translation by H. Rackham.

Where can I get some?
There are many variations of passages of Lorem Ipsum available, but the majority have suffered alteration in some form, by injected humour, or randomised words which don't look even slightly believable. If you are going to use a passage of Lorem Ipsum, you need to be sure there isn't anything embarrassing hidden in the middle of text. All the Lorem Ipsum generators on the Internet tend to repeat predefined chunks as necessary, making this the first true generator on the Internet. It uses a dictionary of over 200 Latin words, combined with a handful of model sentence structures, to generate Lorem Ipsum which looks reasonable. The generated Lorem Ipsum is therefore always free from repetition, injected humour, or non-characteristic words etc.

5
	paragraphs
	words
	bytes
	lists
	Start with 'Lorem
ipsum dolor sit amet...'

Donate: If you use this site regularly and would like to help keep the site on the Internet, please consider donating a small sum to help pay for the hosting and bandwidth bill. There is no minimum donation, any sum is appreciated - click here to donate using PayPal. Thank you for your support. Donate bitcoin: 16UQLq1HZ3CNwhvgrarV6pMoA2CDjb4tyF
Translations: Can you help translate this site into a foreign language ? Please email us with details if you can help.
There is a set of mock banners available here in three colours and in a range of standard banner sizes:
BannersBannersBanners
NodeJS Python Interface GTK Lipsum Rails .NET
The standard Lorem Ipsum passage, used since the 1500s
"Lorem ipsum dolor sit amet, consectetur adipiscing elit, sed do eiusmod tempor incididunt ut labore et dolore magna aliqua. Ut enim ad minim veniam, quis nostrud exercitation ullamco laboris nisi ut aliquip ex ea commodo consequat. Duis aute irure dolor in reprehenderit in voluptate velit esse cillum dolore eu fugiat nulla pariatur. Excepteur sint occaecat cupidatat non proident, sunt in culpa qui officia deserunt mollit anim id est laborum."

Section 1.10.32 of "de Finibus Bonorum et Malorum", written by Cicero in 45 BC
"Sed ut perspiciatis unde omnis iste natus error sit voluptatem accusantium doloremque laudantium, totam rem aperiam, eaque ipsa quae ab illo inventore veritatis et quasi architecto beatae vitae dicta sunt explicabo. Nemo enim ipsam voluptatem quia voluptas sit aspernatur aut odit aut fugit, sed quia consequuntur magni dolores eos qui ratione voluptatem sequi nesciunt. Neque porro quisquam est, qui dolorem ipsum quia dolor sit amet, consectetur, adipisci velit, sed quia non numquam eius modi tempora incidunt ut labore et dolore magnam aliquam quaerat voluptatem. Ut enim ad minima veniam, quis nostrum exercitationem ullam corporis suscipit laboriosam, nisi ut aliquid ex ea commodi consequatur? Quis autem vel eum iure reprehenderit qui in ea voluptate velit esse quam nihil molestiae consequatur, vel illum qui dolorem eum fugiat quo voluptas nulla pariatur?"

1914 translation by H. Rackham
"But I must explain to you how all this mistaken idea of denouncing pleasure and praising pain was born and I will give you a complete account of the system, and expound the actual teachings of the great explorer of the truth, the master-builder of human happiness. No one rejects, dislikes, or avoids pleasure itself, because it is pleasure, but because those who do not know how to pursue pleasure rationally encounter consequences that are extremely painful. Nor again is there anyone who loves or pursues or desires to obtain pain of itself, because it is pain, but because occasionally circumstances occur in which toil and pain can procure him some great pleasure. To take a trivial example, which of us ever undertakes laborious physical exercise, except to obtain some advantage from it? But who has any right to find fault with a man who chooses to enjoy a pleasure that has no annoying consequences, or one who avoids a pain that produces no resultant pleasure?"

Section 1.10.33 of "de Finibus Bonorum et Malorum", written by Cicero in 45 BC
"At vero eos et accusamus et iusto odio dignissimos ducimus qui blanditiis praesentium voluptatum deleniti atque corrupti quos dolores et quas molestias excepturi sint occaecati cupiditate non provident, similique sunt in culpa qui officia deserunt mollitia animi, id est laborum et dolorum fuga. Et harum quidem rerum facilis est et expedita distinctio. Nam libero tempore, cum soluta nobis est eligendi optio cumque nihil impedit quo minus id quod maxime placeat facere possimus, omnis voluptas assumenda est, omnis dolor repellendus. Temporibus autem quibusdam et aut officiis debitis aut rerum necessitatibus saepe eveniet ut et voluptates repudiandae sint et molestiae non recusandae. Itaque earum rerum hic tenetur a sapiente delectus, ut aut reiciendis voluptatibus maiores alias consequatur aut perferendis doloribus asperiores repellat."

1914 translation by H. Rackham
"On the other hand, we denounce with righteous indignation and dislike men who are so beguiled and demoralized by the charms of pleasure of the moment, so blinded by desire, that they cannot foresee the pain and trouble that are bound to ensue; and equal blame belongs to those who fail in their duty through weakness of will, which is the same as saying through shrinking from toil and pain. These cases are perfectly simple and easy to distinguish. In a free hour, when our power of choice is untrammelled and when nothing prevents our being able to do what we like best, every pleasure is to be welcomed and every pain avoided. But in certain circumstances and owing to the claims of duty or the obligations of business it will frequently occur that pleasures have to be repudiated and annoyances accepted. The wise man therefore always holds in these matters to this principle of selection: he rejects pleasures to secure other greater pleasures, or else he endures pains to avoid worse pains."

help@lipsum.com
Privacy Policy · 


[2024-10-14T17:39:21+05:30] Client  updated document: 
[2024-10-14T17:39:27+05:30] Client  updated document: Y
[2024-10-14T17:39:27+05:30] Client  updated document: Yash 
[2024-10-14T17:39:35+05:30] Client  updated document: Yash l
[2024-10-14T17:39:35+05:30] Client  updated document: Yash live 
[2024-10-14T17:39:36+05:30] Client  updated document: Yash live lveive 
[2024-10-14T17:39:36+05:30] Client  updated document: Yash live lveive vle v]a
[2024-10-14T17:39:58+05:30] Client  updated document: Yash live lveive vle v]
[2024-10-14T17:39:58+05:30] Client  updated document: Yash live lveive vle v
[2024-10-14T17:39:58+05:30] Client  updated document: Yash live lveive vle 
[2024-10-14T17:40:01+05:30] Client  updated document: Yash live lveive vle
[2024-10-14T17:40:02+05:30] Client  updated document: Yash live lveive vl
[2024-10-14T17:40:02+05:30] Client  updated document: Yash live lveive v
[2024-10-14T17:40:02+05:30] Client  updated document: Yash live lveive 
[2024-10-14T17:40:02+05:30] Client  updated document: Yash live lveive
[2024-10-14T17:40:02+05:30] Client  updated document: Yash live lveiv
[2024-10-14T17:40:04+05:30] Client  updated document: Yash live lvei
[2024-10-14T17:40:04+05:30] Client  updated document: Yash live lve
[2024-10-14T17:40:04+05:30] Client  updated document: Yash live lv
[2024-10-14T17:40:04+05:30] Client  updated document: Yash live l
[2024-10-14T17:40:04+05:30] Client  updated document: Yash live 
[2024-10-14T17:40:05+05:30] Client  updated document: Yash live
[2024-10-14T17:40:05+05:30] Client  updated document: Yash liv
[2024-10-14T17:40:05+05:30] Client  updated document: Yash li
[2024-10-14T17:40:06+05:30] Client  updated document: Yash l
[2024-10-14T17:41:13+05:30] Client  updated document: Ya

[2024-10-15T14:52:34+05:30] Client  updated document: e
[2024-10-15T14:52:36+05:30] Client  updated document: ef
[2024-10-15T14:52:36+05:30] Client  updated document: eff
[2024-10-15T14:52:36+05:30] Client  updated document: effe
[2024-10-15T14:52:37+05:30] Client  updated document: effefe
[2024-10-15T14:52:45+05:30] Client  updated document: effefe 
[2024-10-15T14:53:17+05:30] Client  updated document: effefe, 
[2024-10-15T14:53:17+05:30] Client  updated document: effefe,  
[2024-10-15T14:53:18+05:30] Client  updated document: effefe, h 
[2024-10-15T14:53:18+05:30] Client  updated document: effefe, hey 
[2024-10-15T14:53:18+05:30] Client  updated document: effefe, hey  
[2024-10-15T14:53:18+05:30] Client  updated document: effefe, hey t 
[2024-10-15T14:53:18+05:30] Client  updated document: effefe, hey th 
[2024-10-15T14:53:18+05:30] Client  updated document: effefe, hey the 
[2024-10-15T14:53:19+05:30] Client  updated document: effefe, hey ther 
[2024-10-15T14:53:19+05:30] Client  updated document: effefe, hey there 
[2024-10-15T14:53:19+05:30] Client  updated document: effefe, hey there  
[2024-10-15T14:53:21+05:30] Client  updated document: effefe, hey there h 
[2024-10-15T14:53:21+05:30] Client  updated document: effefe, hey there he 
[2024-10-15T14:53:21+05:30] Client  updated document: effefe, hey there hel 
[2024-10-15T14:53:21+05:30] Client  updated document: effefe, hey there hell 
[2024-10-15T14:53:21+05:30] Client  updated document: effefe, hey there hello 
[2024-10-15T14:53:22+05:30] Client  updated document: effefe, hey there hello  
[2024-10-15T14:53:22+05:30] Client  updated document: effefe, hey there hello th 
[2024-10-15T14:53:22+05:30] Client  updated document: effefe, hey there hello the 
[2024-10-15T14:53:22+05:30] Client  updated document: effefe, hey there hello ther 
[2024-10-15T14:53:22+05:30] Client  updated document: effefe, hey there hello there 
[2024-10-15T14:53:23+05:30] Client  updated document: effefe, hey there hello there
 
[2024-10-15T14:56:39+05:30] Client  updated document: effefe, hey there hello there
 h
[2024-10-15T14:56:39+05:30] Client  updated document: effefe, hey there hello there
 he
[2024-10-15T14:56:39+05:30] Client  updated document: effefe, hey there hello there
 hey
[2024-10-15T14:56:39+05:30] Client  updated document: effefe, hey there hello there
 hey 
[2024-10-15T14:56:39+05:30] Client  updated document: effefe, hey there hello there
 hey t
[2024-10-15T14:56:39+05:30] Client  updated document: effefe, hey there hello there
 hey the
[2024-10-15T14:56:40+05:30] Client  updated document: effefe, hey there hello there
 hey ther
[2024-10-15T14:56:40+05:30] Client  updated document: effefe, hey there hello there
 hey there
[2024-10-15T15:00:38+05:30] Client  updated document: effefe, hey there hello there
 hey there 
[2024-10-15T15:00:39+05:30] Client  updated document: effefe, hey there hello there
 hey there h
[2024-10-15T15:00:39+05:30] Client  updated document: effefe, hey there hello there
 hey there he
[2024-10-15T15:00:40+05:30] Client  updated document: effefe, hey there hello there
 hey there hel
[2024-10-15T15:00:40+05:30] Client  updated document: effefe, hey there hello there
 hey there hell
[2024-10-15T15:00:40+05:30] Client  updated document: effefe, hey there hello there
 hey there hello
[2024-10-15T17:52:57+0530] Client 597e6145-9c90-4c09-844f-5f0a2b920d06 updated document: h
[2024-10-15T17:52:57+0530] Client 597e6145-9c90-4c09-844f-5f0a2b920d06 updated document: hey
[2024-10-15T17:55:28+0530] Client 597e6145-9c90-4c09-844f-5f0a2b920d06 updated document: hey 
[2024-10-15T17:55:28+0530] Client 597e6145-9c90-4c09-844f-5f0a2b920d06 updated document: hey t
[2024-10-15T17:55:29+0530] Client 597e6145-9c90-4c09-844f-5f0a2b920d06 updated document: hey the
[2024-10-15T17:55:29+0530] Client 597e6145-9c90-4c09-844f-5f0a2b920d06 updated document: hey ther
[2024-10-15T17:55:29+0530] Client 597e6145-9c90-4c09-844f-5f0a2b920d06 updated document: hey there
[2024-10-15T17:57:40+0530] Client d86027d6-d495-43c4-aad2-8e317502ed86 updated document: hey there 
[2024-10-15T17:57:40+0530] Client d86027d6-d495-43c4-aad2-8e317502ed86 updated document: hey there h
[2024-10-15T17:57:41+0530] Client d86027d6-d495-43c4-aad2-8e317502ed86 updated document: hey there h;
[2024-10-15T17:57:41+0530] Client d86027d6-d495-43c4-aad2-8e317502ed86 updated document: hey there h
[2024-10-15T17:57:41+0530] Client d86027d6-d495-43c4-aad2-8e317502ed86 updated document: hey there hl
[2024-10-15T17:57:41+0530] Client d86027d6-d495-43c4-aad2-8e317502ed86 updated document: hey there hll
[2024-10-15T17:57:41+0530] Client d86027d6-d495-43c4-aad2-8e317502ed86 updated document: hey there hllo
[2024-10-15T18:02:55+0530] Client 597e6145-9c90-4c09-844f-5f0a2b920d06 updated document: hey there hllo 
[2024-10-15T18:02:56+0530] Client 597e6145-9c90-4c09-844f-5f0a2b920d06 updated document: hey there hllo s
[2024-10-15T18:02:56+0530] Client 597e6145-9c90-4c09-844f-5f0a2b920d06 updated document: hey there hllo sw
[2024-10-15T18:02:56+0530] Client 597e6145-9c90-4c09-844f-5f0a2b920d06 updated document: hey there hllo swa
[2024-10-15T18:02:56+0530] Client 597e6145-9c90-4c09-844f-5f0a2b920d06 updated document: hey there hllo swar
[2024-10-15T18:02:57+0530] Client 597e6145-9c90-4c09-844f-5f0a2b920d06 updated document: hey there hllo swaro
[2024-10-15T18:02:57+0530] Client 597e6145-9c90-4c09-844f-5f0a2b920d06 updated document: hey there hllo swaroo
[2024-10-15T18:02:57+0530] Client 597e6145-9c90-4c09-844f-5f0a2b920d06 updated document: hey there hllo swaroop
[2024-10-15T18:41:05+0530] Client f053027a-b3ab-4793-a7e6-791e61d3cf22 updated document: h
[2024-10-15T18:41:05+0530] Client f053027a-b3ab-4793-a7e6-791e61d3cf22 updated document: ha
[2024-10-15T18:41:05+0530] Client f053027a-b3ab-4793-a7e6-791e61d3cf22 updated document: hav
[2024-10-15T18:41:05+0530] Client f053027a-b3ab-4793-a7e6-791e61d3cf22 updated document: have 
[2024-10-15T18:41:06+0530] Client f053027a-b3ab-4793-a7e6-791e61d3cf22 updated document: have a 
[2024-10-15T18:41:06+0530] Client f053027a-b3ab-4793-a7e6-791e61d3cf22 updated document: have a g
[2024-10-15T18:41:06+0530] Client f053027a-b3ab-4793-a7e6-791e61d3cf22 updated document: have a go
[2024-10-15T18:41:06+0530] Client f053027a-b3ab-4793-a7e6-791e61d3cf22 updated document: have a goo
[2024-10-15T18:41:06+0530] Client f053027a-b3ab-4793-a7e6-791e61d3cf22 updated document: have a goo 
[2024-10-15T18:41:07+0530] Client f053027a-b3ab-4793-a7e6-791e61d3cf22 updated document: have a goo
[2024-10-15T18:41:07+0530] Client f053027a-b3ab-4793-a7e6-791e61d3cf22 updated document: have a good
[2024-10-15T18:41:07+0530] Client f053027a-b3ab-4793-a7e6-791e61d3cf22 updated document: have a good 
[2024-10-15T18:41:07+0530] Client f053027a-b3ab-4793-a7e6-791e61d3cf22 updated document: have a good e
[2024-10-15T18:41:08+0530] Client f053027a-b3ab-4793-a7e6-791e61d3cf22 updated document: have a good ev
[2024-10-15T18:41:08+0530] Client f053027a-b3ab-4793-a7e6-791e61d3cf22 updated document: have a good eve
[2024-10-15T18:41:08+0530] Client f053027a-b3ab-4793-a7e6-791e61d3cf22 updated document: have a good even
[2024-10-15T18:41:08+0530] Client f053027a-b3ab-4793-a7e6-791e61d3cf22 updated document: have a good evenin
[2024-10-15T18:41:08+0530] Client f053027a-b3ab-4793-a7e6-791e61d3cf22 updated document: have a good evening
[2024-10-15T18:41:33+0530] Client 4df5e593-12ed-4c0b-b599-ae2b96b3c207 updated document: have a good evening

[2024-10-15T18:41:34+0530] Client 4df5e593-12ed-4c0b-b599-ae2b96b3c207 updated document: have a good evening
y
[2024-10-15T18:41:34+0530] Client 4df5e593-12ed-4c0b-b599-ae2b96b3c207 updated document: have a good evening
you
[2024-10-15T18:41:35+0530] Client 4df5e593-12ed-4c0b-b599-ae2b96b3c207 updated document: have a good evening
you t
[2024-10-15T18:41:35+0530] Client 4df5e593-12ed-4c0b-b599-ae2b96b3c207 updated document: have a good evening
you too
[2024-10-15T23:10:10+0530] Client d8df1ee7-2772-4503-b634-459fbfcdd3c5 updated document: he
[2024-10-15T23:10:11+0530] Client d8df1ee7-2772-4503-b634-459fbfcdd3c5 updated document: hel
[2024-10-15T23:10:11+0530] Client d8df1ee7-2772-4503-b634-459fbfcdd3c5 updated document: hell
[2024-10-15T23:10:11+0530] Client d8df1ee7-2772-4503-b634-459fbfcdd3c5 updated document: hello
[2024-10-15T23:10:11+0530] Client d8df1ee7-2772-4503-b634-459fbfcdd3c5 updated document: hello 
[2024-10-15T23:10:12+0530] Client d8df1ee7-2772-4503-b634-459fbfcdd3c5 updated document: hello ha
[2024-10-15T23:10:12+0530] Client d8df1ee7-2772-4503-b634-459fbfcdd3c5 updated document: hello hav
[2024-10-15T23:10:12+0530] Client d8df1ee7-2772-4503-b634-459fbfcdd3c5 updated document: hello have
[2024-10-15T23:10:13+0530] Client d8df1ee7-2772-4503-b634-459fbfcdd3c5 updated document: hello have a 
[2024-10-15T23:10:13+0530] Client d8df1ee7-2772-4503-b634-459fbfcdd3c5 updated document: hello have a g
[2024-10-15T23:10:13+0530] Client d8df1ee7-2772-4503-b634-459fbfcdd3c5 updated document: hello have a go
[2024-10-15T23:10:14+0530] Client d8df1ee7-2772-4503-b634-459fbfcdd3c5 updated document: hello have a good
[2024-10-15T23:10:14+0530] Client d8df1ee7-2772-4503-b634-459fbfcdd3c5 updated document: hello have a good 
[2024-10-15T23:10:15+0530] Client d8df1ee7-2772-4503-b634-459fbfcdd3c5 updated document: hello have a good n
[2024-10-15T23:10:15+0530] Client d8df1ee7-2772-4503-b634-459fbfcdd3c5 updated document: hello have a good ni
[2024-10-15T23:10:15+0530] Client d8df1ee7-2772-4503-b634-459fbfcdd3c5 updated document: hello have a good nig
[2024-10-15T23:10:15+0530] Client d8df1ee7-2772-4503-b634-459fbfcdd3c5 updated document: hello have a good nigh
[2024-10-15T23:10:16+0530] Client d8df1ee7-2772-4503-b634-459fbfcdd3c5 updated document: hello have a good night
[2024-10-15T23:10:58+0530] Client acecd1f2-463c-487f-b2e1-6c65ae669486 updated document: hello have a good night 
[2024-10-21T11:26:48+0530] Client 197b3f7f-e3b9-43a8-aff6-304f788671a0 updated document: hat
[2024-10-21T11:26:48+0530] Client 197b3f7f-e3b9-43a8-aff6-304f788671a0 updated document: hat 
[2024-10-21T11:26:48+0530] Client 197b3f7f-e3b9-43a8-aff6-304f788671a0 updated document: hat
[2024-10-21T11:26:49+0530] Client 197b3f7f-e3b9-43a8-aff6-304f788671a0 updated document: hatd fads af
[2024-10-21T11:26:54+0530] Client 9c0e8880-bb4f-4878-a2fa-1e70a5f0d463 updated document: hatd fads a
[2024-10-21T11:26:54+0530] Client 9c0e8880-bb4f-4878-a2fa-1e70a5f0d463 updated document: hatd fads 
[2024-10-21T11:26:59+0530] Client 197b3f7f-e3b9-43a8-aff6-304f788671a0 updated document: 
